addon.d/70-gapps.sh
app/Gmail2.apk
app/GoogleCalendarSyncAdapter.apk
app/GoogleContactsSyncAdapter.apk
app/Hangouts.apk
etc/g.prop
etc/permissions/com.google.android.maps.xml
etc/permissions/com.google.android.media.effects.xml
etc/permissions/com.google.widevine.software.drm.xml
etc/permissions/features.xml
framework/com.google.android.maps.jar
framework/com.google.android.media.effects.jar
framework/com.google.widevine.software.drm.jar
lib/libvideochat_jni.so
priv-app/GmsCore.apk
priv-app/GoogleBackupTransport.apk
priv-app/GoogleFeedback.apk
priv-app/GoogleLoginService.apk
priv-app/GooglePartnerSetup.apk
priv-app/GoogleServicesFramework.apk
priv-app/Phonesky.apk
priv-app/SetupWizard.apk
